[6.006s] DEBUG:colcon:Command line arguments: ['/usr/bin/colcon', 'build']
[6.007s] DEBUG:colcon:Parsed command line arguments: Namespace(log_base=None, log_level=None, verb_name='build', build_base='build', install_base='install', merge_install=False, symlink_install=False, test_result_base=None, continue_on_error=False, executor='parallel', parallel_workers=22, event_handlers=None, ignore_user_meta=False, metas=['./colcon.meta'], base_paths=['.'], packages_ignore=None, packages_ignore_regex=None, paths=None, packages_up_to=None, packages_up_to_regex=None, packages_above=None, packages_above_and_dependencies=None, packages_above_depth=None, packages_select_by_dep=None, packages_skip_by_dep=None, packages_skip_up_to=None, packages_select_build_failed=False, packages_skip_build_finished=False, packages_select_test_failures=False, packages_skip_test_passed=False, packages_select=None, packages_skip=None, packages_select_regex=None, packages_skip_regex=None, packages_start=None, packages_end=None, cmake_args=None, cmake_target=None, cmake_target_skip_unavailable=False, cmake_clean_cache=False, cmake_clean_first=False, cmake_force_configure=False, ament_cmake_args=None, catkin_cmake_args=None, catkin_skip_building_tests=False, mixin_files=None, mixin=None, verb_parser=<colcon_mixin.mixin.mixin_argument.MixinArgumentDecorator object at 0x76a1a6f55d20>, verb_extension=<colcon_core.verb.build.BuildVerb object at 0x76a1a6f556f0>, main=<bound method BuildVerb.main of <colcon_core.verb.build.BuildVerb object at 0x76a1a6f556f0>>, mixin_verb=('build',))
[6.246s] Level 1:colcon.colcon_core.package_discovery:discover_packages(colcon_meta) check parameters
[6.248s] INFO:colcon.colcon_metadata.package_discovery.colcon_meta:Using configuration from '/root/.colcon/metadata/default/Gazebo.meta'
[6.249s] INFO:colcon.colcon_metadata.package_discovery.colcon_meta:Using configuration from '/root/.colcon/metadata/default/fastdds.meta'
[6.250s] INFO:colcon.colcon_metadata.package_discovery.colcon_meta:Using configuration from '/root/.colcon/metadata/default/fastrtps.meta'
[6.250s] Level 1:colcon.colcon_core.package_discovery:discover_packages(recursive) check parameters
[6.250s] Level 1:colcon.colcon_core.package_discovery:discover_packages(ignore) check parameters
[6.250s] Level 1:colcon.colcon_core.package_discovery:discover_packages(path) check parameters
[6.250s] Level 1:colcon.colcon_core.package_discovery:discover_packages(colcon_meta) discover
[6.250s] Level 1:colcon.colcon_core.package_discovery:discover_packages(recursive) discover
[6.250s] INFO:colcon.colcon_core.package_discovery:Crawling recursively for packages in '/root/lra_ws'
[6.250s] Level 1:colcon.colcon_core.package_identification:_identify(.) by extensions ['ignore', 'ignore_ament_install']
[6.250s] Level 1:colcon.colcon_core.package_identification:_identify(.) by extension 'ignore'
[6.250s] Level 1:colcon.colcon_core.package_identification:_identify(.) by extension 'ignore_ament_install'
[6.251s] Level 1:colcon.colcon_core.package_identification:_identify(.) by extensions ['colcon_pkg']
[6.251s] Level 1:colcon.colcon_core.package_identification:_identify(.) by extension 'colcon_pkg'
[6.251s] Level 1:colcon.colcon_core.package_identification:_identify(.) by extensions ['colcon_meta']
[6.251s] Level 1:colcon.colcon_core.package_identification:_identify(.) by extension 'colcon_meta'
[6.251s] Level 1:colcon.colcon_core.package_identification:_identify(.) by extensions ['ros']
[6.251s] Level 1:colcon.colcon_core.package_identification:_identify(.) by extension 'ros'
[6.271s] Level 1:colcon.colcon_core.package_identification:_identify(.) by extensions ['cmake', 'python']
[6.271s] Level 1:colcon.colcon_core.package_identification:_identify(.) by extension 'cmake'
[6.271s] Level 1:colcon.colcon_core.package_identification:_identify(.) by extension 'python'
[6.271s] Level 1:colcon.colcon_core.package_identification:_identify(.) by extensions ['python_setup_py']
[6.271s] Level 1:colcon.colcon_core.package_identification:_identify(.) by extension 'python_setup_py'
[6.271s] Level 1:colcon.colcon_core.package_identification:_identify(build) by extensions ['ignore', 'ignore_ament_install']
[6.271s] Level 1:colcon.colcon_core.package_identification:_identify(build) by extension 'ignore'
[6.271s] Level 1:colcon.colcon_core.package_identification:_identify(build) ignored
[6.272s] Level 1:colcon.colcon_core.package_identification:_identify(calibration_data) by extensions ['ignore', 'ignore_ament_install']
[6.272s] Level 1:colcon.colcon_core.package_identification:_identify(calibration_data) by extension 'ignore'
[6.272s] Level 1:colcon.colcon_core.package_identification:_identify(calibration_data) by extension 'ignore_ament_install'
[6.272s] Level 1:colcon.colcon_core.package_identification:_identify(calibration_data) by extensions ['colcon_pkg']
[6.272s] Level 1:colcon.colcon_core.package_identification:_identify(calibration_data) by extension 'colcon_pkg'
[6.272s] Level 1:colcon.colcon_core.package_identification:_identify(calibration_data) by extensions ['colcon_meta']
[6.272s] Level 1:colcon.colcon_core.package_identification:_identify(calibration_data) by extension 'colcon_meta'
[6.272s] Level 1:colcon.colcon_core.package_identification:_identify(calibration_data) by extensions ['ros']
[6.272s] Level 1:colcon.colcon_core.package_identification:_identify(calibration_data) by extension 'ros'
[6.272s] Level 1:colcon.colcon_core.package_identification:_identify(calibration_data) by extensions ['cmake', 'python']
[6.272s] Level 1:colcon.colcon_core.package_identification:_identify(calibration_data) by extension 'cmake'
[6.272s] Level 1:colcon.colcon_core.package_identification:_identify(calibration_data) by extension 'python'
[6.272s] Level 1:colcon.colcon_core.package_identification:_identify(calibration_data) by extensions ['python_setup_py']
[6.272s] Level 1:colcon.colcon_core.package_identification:_identify(calibration_data) by extension 'python_setup_py'
[6.272s] Level 1:colcon.colcon_core.package_identification:_identify(install) by extensions ['ignore', 'ignore_ament_install']
[6.272s] Level 1:colcon.colcon_core.package_identification:_identify(install) by extension 'ignore'
[6.272s] Level 1:colcon.colcon_core.package_identification:_identify(install) ignored
[6.272s] Level 1:colcon.colcon_core.package_identification:_identify(log) by extensions ['ignore', 'ignore_ament_install']
[6.273s] Level 1:colcon.colcon_core.package_identification:_identify(log) by extension 'ignore'
[6.273s] Level 1:colcon.colcon_core.package_identification:_identify(log) ignored
[6.273s] Level 1:colcon.colcon_core.package_identification:_identify(src) by extensions ['ignore', 'ignore_ament_install']
[6.273s] Level 1:colcon.colcon_core.package_identification:_identify(src) by extension 'ignore'
[6.273s] Level 1:colcon.colcon_core.package_identification:_identify(src) by extension 'ignore_ament_install'
[6.273s] Level 1:colcon.colcon_core.package_identification:_identify(src) by extensions ['colcon_pkg']
[6.273s] Level 1:colcon.colcon_core.package_identification:_identify(src) by extension 'colcon_pkg'
[6.273s] Level 1:colcon.colcon_core.package_identification:_identify(src) by extensions ['colcon_meta']
[6.273s] Level 1:colcon.colcon_core.package_identification:_identify(src) by extension 'colcon_meta'
[6.273s] Level 1:colcon.colcon_core.package_identification:_identify(src) by extensions ['ros']
[6.273s] Level 1:colcon.colcon_core.package_identification:_identify(src) by extension 'ros'
[6.273s] Level 1:colcon.colcon_core.package_identification:_identify(src) by extensions ['cmake', 'python']
[6.273s] Level 1:colcon.colcon_core.package_identification:_identify(src) by extension 'cmake'
[6.273s] Level 1:colcon.colcon_core.package_identification:_identify(src) by extension 'python'
[6.273s] Level 1:colcon.colcon_core.package_identification:_identify(src) by extensions ['python_setup_py']
[6.273s] Level 1:colcon.colcon_core.package_identification:_identify(src) by extension 'python_setup_py'
[6.273s] Level 1:colcon.colcon_core.package_identification:_identify(src/lra_vision) by extensions ['ignore', 'ignore_ament_install']
[6.273s] Level 1:colcon.colcon_core.package_identification:_identify(src/lra_vision) by extension 'ignore'
[6.274s] Level 1:colcon.colcon_core.package_identification:_identify(src/lra_vision) by extension 'ignore_ament_install'
[6.274s] Level 1:colcon.colcon_core.package_identification:_identify(src/lra_vision) by extensions ['colcon_pkg']
[6.274s] Level 1:colcon.colcon_core.package_identification:_identify(src/lra_vision) by extension 'colcon_pkg'
[6.274s] Level 1:colcon.colcon_core.package_identification:_identify(src/lra_vision) by extensions ['colcon_meta']
[6.274s] Level 1:colcon.colcon_core.package_identification:_identify(src/lra_vision) by extension 'colcon_meta'
[6.274s] Level 1:colcon.colcon_core.package_identification:_identify(src/lra_vision) by extensions ['ros']
[6.274s] Level 1:colcon.colcon_core.package_identification:_identify(src/lra_vision) by extension 'ros'
[6.280s] DEBUG:colcon.colcon_core.package_identification:Package 'src/lra_vision' with type 'ros.ament_cmake' and name 'lra_vision'
[6.280s] Level 1:colcon.colcon_core.package_discovery:discover_packages(recursive) using defaults
[6.280s] Level 1:colcon.colcon_core.package_discovery:discover_packages(ignore) discover
[6.280s] Level 1:colcon.colcon_core.package_discovery:discover_packages(ignore) using defaults
[6.280s] Level 1:colcon.colcon_core.package_discovery:discover_packages(path) discover
[6.280s] Level 1:colcon.colcon_core.package_discovery:discover_packages(path) using defaults
[6.321s] Level 5:colcon.colcon_core.verb:set package 'lra_vision' build argument 'cmake_args' from command line to 'None'
[6.321s] Level 5:colcon.colcon_core.verb:set package 'lra_vision' build argument 'cmake_target' from command line to 'None'
[6.321s] Level 5:colcon.colcon_core.verb:set package 'lra_vision' build argument 'cmake_target_skip_unavailable' from command line to 'False'
[6.321s] Level 5:colcon.colcon_core.verb:set package 'lra_vision' build argument 'cmake_clean_cache' from command line to 'False'
[6.321s] Level 5:colcon.colcon_core.verb:set package 'lra_vision' build argument 'cmake_clean_first' from command line to 'False'
[6.321s] Level 5:colcon.colcon_core.verb:set package 'lra_vision' build argument 'cmake_force_configure' from command line to 'False'
[6.321s] Level 5:colcon.colcon_core.verb:set package 'lra_vision' build argument 'ament_cmake_args' from command line to 'None'
[6.321s] Level 5:colcon.colcon_core.verb:set package 'lra_vision' build argument 'catkin_cmake_args' from command line to 'None'
[6.321s] Level 5:colcon.colcon_core.verb:set package 'lra_vision' build argument 'catkin_skip_building_tests' from command line to 'False'
[6.321s] DEBUG:colcon.colcon_core.verb:Building package 'lra_vision' with the following arguments: {'ament_cmake_args': None, 'build_base': '/root/lra_ws/build/lra_vision', 'catkin_cmake_args': None, 'catkin_skip_building_tests': False, 'cmake_args': None, 'cmake_clean_cache': False, 'cmake_clean_first': False, 'cmake_force_configure': False, 'cmake_target': None, 'cmake_target_skip_unavailable': False, 'install_base': '/root/lra_ws/install/lra_vision', 'merge_install': False, 'path': '/root/lra_ws/src/lra_vision', 'symlink_install': False, 'test_result_base': None}
[6.321s] INFO:colcon.colcon_core.executor:Executing jobs using 'parallel' executor
[6.323s] DEBUG:colcon.colcon_parallel_executor.executor.parallel:run_until_complete
[6.323s] INFO:colcon.colcon_ros.task.ament_cmake.build:Building ROS package in '/root/lra_ws/src/lra_vision' with build type 'ament_cmake'
[6.324s] INFO:colcon.colcon_cmake.task.cmake.build:Building CMake package in '/root/lra_ws/src/lra_vision'
[6.329s] INFO:colcon.colcon_core.plugin_system:Skipping extension 'colcon_core.shell.bat': Not used on non-Windows systems
[6.329s] INFO:colcon.colcon_core.shell:Skip shell extension 'powershell' for command environment: Not usable outside of PowerShell
[6.329s] DEBUG:colcon.colcon_core.shell:Skip shell extension 'dsv' for command environment
[6.345s] DEBUG:colcon.colcon_core.event_handler.log_command:Invoking command in '/root/lra_ws/build/lra_vision': CMAKE_PREFIX_PATH=/opt/ros/humble /usr/bin/cmake /root/lra_ws/src/lra_vision -DCMAKE_INSTALL_PREFIX=/root/lra_ws/install/lra_vision
[10.268s] DEBUG:colcon.colcon_core.event_handler.log_command:Invoked command in '/root/lra_ws/build/lra_vision' returned '0': CMAKE_PREFIX_PATH=/opt/ros/humble /usr/bin/cmake /root/lra_ws/src/lra_vision -DCMAKE_INSTALL_PREFIX=/root/lra_ws/install/lra_vision
[10.273s] DEBUG:colcon.colcon_core.event_handler.log_command:Invoking command in '/root/lra_ws/build/lra_vision': CMAKE_PREFIX_PATH=/opt/ros/humble /usr/bin/cmake --build /root/lra_ws/build/lra_vision -- -j22 -l22
[35.231s] DEBUG:colcon.colcon_core.event_handler.log_command:Invoked command in '/root/lra_ws/build/lra_vision' returned '0': CMAKE_PREFIX_PATH=/opt/ros/humble /usr/bin/cmake --build /root/lra_ws/build/lra_vision -- -j22 -l22
[35.247s] DEBUG:colcon.colcon_core.event_handler.log_command:Invoking command in '/root/lra_ws/build/lra_vision': CMAKE_PREFIX_PATH=/opt/ros/humble /usr/bin/cmake --install /root/lra_ws/build/lra_vision
[35.358s] Level 1:colcon.colcon_core.environment:create_environment_scripts_only(lra_vision)
[35.359s] DEBUG:colcon.colcon_core.event_handler.log_command:Invoked command in '/root/lra_ws/build/lra_vision' returned '0': CMAKE_PREFIX_PATH=/opt/ros/humble /usr/bin/cmake --install /root/lra_ws/build/lra_vision
[35.367s] Level 1:colcon.colcon_core.environment:checking '/root/lra_ws/install/lra_vision' for CMake module files
[35.368s] Level 1:colcon.colcon_core.environment:checking '/root/lra_ws/install/lra_vision' for CMake config files
[35.368s] Level 1:colcon.colcon_core.shell:create_environment_hook('lra_vision', 'cmake_prefix_path')
[35.368s] INFO:colcon.colcon_core.shell:Creating environment hook '/root/lra_ws/install/lra_vision/share/lra_vision/hook/cmake_prefix_path.ps1'
[35.371s] INFO:colcon.colcon_core.shell:Creating environment descriptor '/root/lra_ws/install/lra_vision/share/lra_vision/hook/cmake_prefix_path.dsv'
[35.372s] INFO:colcon.colcon_core.shell:Creating environment hook '/root/lra_ws/install/lra_vision/share/lra_vision/hook/cmake_prefix_path.sh'
[35.375s] Level 1:colcon.colcon_core.environment:checking '/root/lra_ws/install/lra_vision/lib'
[35.376s] Level 1:colcon.colcon_core.shell:create_environment_hook('lra_vision', 'ld_library_path_lib')
[35.376s] INFO:colcon.colcon_core.shell:Creating environment hook '/root/lra_ws/install/lra_vision/share/lra_vision/hook/ld_library_path_lib.ps1'
[35.378s] INFO:colcon.colcon_core.shell:Creating environment descriptor '/root/lra_ws/install/lra_vision/share/lra_vision/hook/ld_library_path_lib.dsv'
[35.378s] INFO:colcon.colcon_core.shell:Creating environment hook '/root/lra_ws/install/lra_vision/share/lra_vision/hook/ld_library_path_lib.sh'
[35.379s] Level 1:colcon.colcon_core.environment:checking '/root/lra_ws/install/lra_vision/bin'
[35.379s] Level 1:colcon.colcon_core.environment:checking '/root/lra_ws/install/lra_vision/lib/pkgconfig/lra_vision.pc'
[35.382s] Level 1:colcon.colcon_core.environment:checking '/root/lra_ws/install/lra_vision/lib/python3.10/site-packages'
[35.382s] Level 1:colcon.colcon_core.environment:checking '/root/lra_ws/install/lra_vision/bin'
[35.383s] INFO:colcon.colcon_core.shell:Creating package script '/root/lra_ws/install/lra_vision/share/lra_vision/package.ps1'
[35.385s] INFO:colcon.colcon_core.shell:Creating package descriptor '/root/lra_ws/install/lra_vision/share/lra_vision/package.dsv'
[35.385s] INFO:colcon.colcon_core.shell:Creating package script '/root/lra_ws/install/lra_vision/share/lra_vision/package.sh'
[35.386s] INFO:colcon.colcon_core.shell:Creating package script '/root/lra_ws/install/lra_vision/share/lra_vision/package.bash'
[35.388s] INFO:colcon.colcon_core.shell:Creating package script '/root/lra_ws/install/lra_vision/share/lra_vision/package.zsh'
[35.389s] Level 1:colcon.colcon_core.environment:create_file_with_runtime_dependencies(/root/lra_ws/install/lra_vision/share/colcon-core/packages/lra_vision)
[35.390s] Level 1:colcon.colcon_core.environment:create_environment_scripts_only(lra_vision)
[35.390s] Level 1:colcon.colcon_core.environment:checking '/root/lra_ws/install/lra_vision' for CMake module files
[35.391s] Level 1:colcon.colcon_core.environment:checking '/root/lra_ws/install/lra_vision' for CMake config files
[35.391s] Level 1:colcon.colcon_core.shell:create_environment_hook('lra_vision', 'cmake_prefix_path')
[35.391s] INFO:colcon.colcon_core.shell:Creating environment hook '/root/lra_ws/install/lra_vision/share/lra_vision/hook/cmake_prefix_path.ps1'
[35.392s] INFO:colcon.colcon_core.shell:Creating environment descriptor '/root/lra_ws/install/lra_vision/share/lra_vision/hook/cmake_prefix_path.dsv'
[35.392s] INFO:colcon.colcon_core.shell:Creating environment hook '/root/lra_ws/install/lra_vision/share/lra_vision/hook/cmake_prefix_path.sh'
[35.393s] Level 1:colcon.colcon_core.environment:checking '/root/lra_ws/install/lra_vision/lib'
[35.393s] Level 1:colcon.colcon_core.shell:create_environment_hook('lra_vision', 'ld_library_path_lib')
[35.393s] INFO:colcon.colcon_core.shell:Creating environment hook '/root/lra_ws/install/lra_vision/share/lra_vision/hook/ld_library_path_lib.ps1'
[35.394s] INFO:colcon.colcon_core.shell:Creating environment descriptor '/root/lra_ws/install/lra_vision/share/lra_vision/hook/ld_library_path_lib.dsv'
[35.394s] INFO:colcon.colcon_core.shell:Creating environment hook '/root/lra_ws/install/lra_vision/share/lra_vision/hook/ld_library_path_lib.sh'
[35.395s] Level 1:colcon.colcon_core.environment:checking '/root/lra_ws/install/lra_vision/bin'
[35.395s] Level 1:colcon.colcon_core.environment:checking '/root/lra_ws/install/lra_vision/lib/pkgconfig/lra_vision.pc'
[35.395s] Level 1:colcon.colcon_core.environment:checking '/root/lra_ws/install/lra_vision/lib/python3.10/site-packages'
[35.396s] Level 1:colcon.colcon_core.environment:checking '/root/lra_ws/install/lra_vision/bin'
[35.396s] INFO:colcon.colcon_core.shell:Creating package script '/root/lra_ws/install/lra_vision/share/lra_vision/package.ps1'
[35.397s] INFO:colcon.colcon_core.shell:Creating package descriptor '/root/lra_ws/install/lra_vision/share/lra_vision/package.dsv'
[35.397s] INFO:colcon.colcon_core.shell:Creating package script '/root/lra_ws/install/lra_vision/share/lra_vision/package.sh'
[35.398s] INFO:colcon.colcon_core.shell:Creating package script '/root/lra_ws/install/lra_vision/share/lra_vision/package.bash'
[35.398s] INFO:colcon.colcon_core.shell:Creating package script '/root/lra_ws/install/lra_vision/share/lra_vision/package.zsh'
[35.399s] Level 1:colcon.colcon_core.environment:create_file_with_runtime_dependencies(/root/lra_ws/install/lra_vision/share/colcon-core/packages/lra_vision)
[35.399s] DEBUG:colcon.colcon_parallel_executor.executor.parallel:closing loop
[35.400s] DEBUG:colcon.colcon_parallel_executor.executor.parallel:loop closed
[35.400s] DEBUG:colcon.colcon_parallel_executor.executor.parallel:run_until_complete finished with '0'
[35.400s] DEBUG:colcon.colcon_core.event_reactor:joining thread
[35.414s] INFO:colcon.colcon_core.plugin_system:Skipping extension 'colcon_notification.desktop_notification.notify_send': Could not find 'notify-send'
[35.415s] INFO:colcon.colcon_core.plugin_system:Skipping extension 'colcon_notification.desktop_notification.terminal_notifier': Not used on non-Darwin systems
[35.415s] INFO:colcon.colcon_core.plugin_system:Skipping extension 'colcon_notification.desktop_notification.win32': Not used on non-Windows systems
[35.415s] INFO:colcon.colcon_notification.desktop_notification:Sending desktop notification using 'notify2'
[35.423s] DEBUG:colcon.colcon_notification.desktop_notification.notify2:Failed to initialize notify2: org.freedesktop.DBus.Error.Spawn.ExecFailed: /usr/bin/dbus-launch terminated abnormally without any error message
[35.423s] DEBUG:colcon.colcon_core.event_reactor:joined thread
[35.424s] INFO:colcon.colcon_core.shell:Creating prefix script '/root/lra_ws/install/local_setup.ps1'
[35.426s] INFO:colcon.colcon_core.shell:Creating prefix util module '/root/lra_ws/install/_local_setup_util_ps1.py'
[35.428s] INFO:colcon.colcon_core.shell:Creating prefix chain script '/root/lra_ws/install/setup.ps1'
[35.430s] INFO:colcon.colcon_core.shell:Creating prefix script '/root/lra_ws/install/local_setup.sh'
[35.431s] INFO:colcon.colcon_core.shell:Creating prefix util module '/root/lra_ws/install/_local_setup_util_sh.py'
[35.431s] INFO:colcon.colcon_core.shell:Creating prefix chain script '/root/lra_ws/install/setup.sh'
[35.433s] INFO:colcon.colcon_core.shell:Creating prefix script '/root/lra_ws/install/local_setup.bash'
[35.434s] INFO:colcon.colcon_core.shell:Creating prefix chain script '/root/lra_ws/install/setup.bash'
[35.435s] INFO:colcon.colcon_core.shell:Creating prefix script '/root/lra_ws/install/local_setup.zsh'
[35.436s] INFO:colcon.colcon_core.shell:Creating prefix chain script '/root/lra_ws/install/setup.zsh'
