-- The C compiler identification is GNU 11.4.0
-- The CXX compiler identification is GNU 11.4.0
-- Detecting C compiler ABI info
-- Detecting C compiler ABI info - done
-- Check for working C compiler: /usr/bin/cc - skipped
-- Detecting C compile features
-- Detecting C compile features - done
-- Detecting CXX compiler ABI info
-- Detecting CXX compiler ABI info - done
-- Check for working CXX compiler: /usr/bin/c++ - skipped
-- Detecting CXX compile features
-- Detecting CXX compile features - done
-- Found ament_cmake: 1.3.14 (/opt/ros/humble/share/ament_cmake/cmake)
-- Found Python3: /usr/bin/python3 (found version "3.10.12") found components: Interpreter 
-- Found rclcpp: 16.0.19 (/opt/ros/humble/share/rclcpp/cmake)
-- Found rosidl_generator_c: 3.1.8 (/opt/ros/humble/share/rosidl_generator_c/cmake)
-- Found rosidl_adapter: 3.1.8 (/opt/ros/humble/share/rosidl_adapter/cmake)
-- Found rosidl_generator_cpp: 3.1.8 (/opt/ros/humble/share/rosidl_generator_cpp/cmake)
-- Using all available rosidl_typesupport_c: rosidl_typesupport_fastrtps_c;rosidl_typesupport_introspection_c
-- Using all available rosidl_typesupport_cpp: rosidl_typesupport_fastrtps_cpp;rosidl_typesupport_introspection_cpp
-- Found rmw_implementation_cmake: 6.1.2 (/opt/ros/humble/share/rmw_implementation_cmake/cmake)
-- Found rmw_fastrtps_cpp: 6.2.10 (/opt/ros/humble/share/rmw_fastrtps_cpp/cmake)
-- Found OpenSSL: /usr/lib/x86_64-linux-gnu/libcrypto.so (found version "3.0.2")  
-- Found FastRTPS: /opt/ros/humble/include  
-- Using RMW implementation 'rmw_fastrtps_cpp' as default
-- Looking for pthread.h
-- Looking for pthread.h - found
-- Performing Test CMAKE_HAVE_LIBC_PTHREAD
-- Performing Test CMAKE_HAVE_LIBC_PTHREAD - Success
-- Found Threads: TRUE  
-- Found rclpy: 3.3.21 (/opt/ros/humble/share/rclpy/cmake)
-- Found std_srvs: 4.9.1 (/opt/ros/humble/share/std_srvs/cmake)
-- Found sensor_msgs: 4.9.1 (/opt/ros/humble/share/sensor_msgs/cmake)
-- Found visualization_msgs: 4.9.1 (/opt/ros/humble/share/visualization_msgs/cmake)
-- Found image_transport: 3.1.12 (/opt/ros/humble/share/image_transport/cmake)
-- Found cv_bridge: 3.2.1 (/opt/ros/humble/share/cv_bridge/cmake)
-- Found tf2: 0.25.20 (/opt/ros/humble/share/tf2/cmake)
-- Found tf2_ros: 0.25.20 (/opt/ros/humble/share/tf2_ros/cmake)
-- Found tf2_geometry_msgs: 0.25.20 (/opt/ros/humble/share/tf2_geometry_msgs/cmake)
-- Found eigen3_cmake_module: 0.1.1 (/opt/ros/humble/share/eigen3_cmake_module/cmake)
-- Found Eigen3: TRUE (found version "3.4.0") 
-- Ensuring Eigen3 include directory is part of orocos-kdl CMake target
-- Found camera_info_manager: 3.1.12 (/opt/ros/humble/share/camera_info_manager/cmake)
-- Found OpenCV: /usr (found version "4.5.4") found components: core imgproc imgcodecs highgui calib3d videoio 
-- Found rosidl_default_generators: 1.2.1 (/opt/ros/humble/share/rosidl_default_generators/cmake)
-- Found ament_cmake_ros: 0.10.0 (/opt/ros/humble/share/ament_cmake_ros/cmake)
-- Using all available rosidl_typesupport_c: rosidl_typesupport_fastrtps_c;rosidl_typesupport_introspection_c
-- Using all available rosidl_typesupport_cpp: rosidl_typesupport_fastrtps_cpp;rosidl_typesupport_introspection_cpp
-- Found PythonInterp: /usr/bin/python3 (found suitable version "3.10.12", minimum required is "3.6") 
-- Found python_cmake_module: 0.10.0 (/opt/ros/humble/share/python_cmake_module/cmake)
-- Found PythonLibs: /usr/lib/x86_64-linux-gnu/libpython3.10.so (found suitable version "3.10.12", minimum required is "3.5") 
-- Using PYTHON_EXECUTABLE: /usr/bin/python3
-- Using PYTHON_INCLUDE_DIRS: /usr/include/python3.10
-- Using PYTHON_LIBRARIES: /usr/lib/x86_64-linux-gnu/libpython3.10.so
-- Found PythonExtra: .so  
[0mCMake Deprecation Warning at /opt/ros/humble/share/rosidl_cmake/cmake/rosidl_target_interfaces.cmake:32 (message):
  Use rosidl_get_typesupport_target() and target_link_libraries() instead of
  rosidl_target_interfaces()
Call Stack (most recent call first):
  CMakeLists.txt:99 (rosidl_target_interfaces)

[0m
-- Configuring done
-- Generating done
-- Build files have been written to: /root/lra_ws/build/lra_vision
[  2%] [34m[1mGenerating C code for ROS interfaces[0m
[  4%] [34m[1mGenerating Rust code for ROS interfaces[0m
[  6%] [32mBuilding CXX object CMakeFiles/lra_camera_utils.dir/src/utils/camera_calibration.cpp.o[0m
[  6%] Built target ament_cmake_python_copy_lra_vision
[  8%] [32mBuilding CXX object CMakeFiles/lra_camera_utils.dir/src/utils/aruco_detector.cpp.o[0m
[ 10%] [34m[1mGenerating C++ code for ROS interfaces[0m
running egg_info
creating lra_vision.egg-info
writing lra_vision.egg-info/PKG-INFO
writing dependency_links to lra_vision.egg-info/dependency_links.txt
writing top-level names to lra_vision.egg-info/top_level.txt
writing manifest file 'lra_vision.egg-info/SOURCES.txt'
reading manifest file 'lra_vision.egg-info/SOURCES.txt'
writing manifest file 'lra_vision.egg-info/SOURCES.txt'
[ 10%] Built target ament_cmake_python_build_lra_vision_egg
[ 10%] Built target lra_vision__rs
[ 12%] [32mBuilding C object CMakeFiles/lra_vision__rosidl_generator_c.dir/rosidl_generator_c/lra_vision/msg/detail/calibration_status__functions.c.o[0m
[ 14%] [32mBuilding C object CMakeFiles/lra_vision__rosidl_generator_c.dir/rosidl_generator_c/lra_vision/srv/detail/calibrate_camera__functions.c.o[0m
[ 14%] Built target lra_vision__cpp
[ 17%] [34m[1mGenerating C++ type support for eProsima Fast-RTPS[0m
[ 21%] [34m[1mGenerating C++ introspection for ROS interfaces[0m
[ 21%] [34m[1mGenerating C++ type support dispatch for ROS interfaces[0m
[ 23%] [32m[1mLinking C shared library liblra_vision__rosidl_generator_c.so[0m
[ 23%] Built target lra_vision__rosidl_generator_c
[ 27%] [34m[1mGenerating C type support for eProsima Fast-RTPS[0m
[ 29%] [34m[1mGenerating C type support dispatch for ROS interfaces[0m
[ 29%] [34m[1mGenerating C introspection for ROS interfaces[0m
[ 34%] [32mBuilding CXX object CMakeFiles/lra_vision__rosidl_typesupport_cpp.dir/rosidl_typesupport_cpp/lra_vision/msg/calibration_status__type_support.cpp.o[0m
[ 34%] [32mBuilding CXX object CMakeFiles/lra_vision__rosidl_typesupport_cpp.dir/rosidl_typesupport_cpp/lra_vision/srv/calibrate_camera__type_support.cpp.o[0m
[ 38%] [32mBuilding CXX object CMakeFiles/lra_vision__rosidl_typesupport_fastrtps_cpp.dir/rosidl_typesupport_fastrtps_cpp/lra_vision/srv/detail/dds_fastrtps/calibrate_camera__type_support.cpp.o[0m
[ 38%] [32mBuilding CXX object CMakeFiles/lra_vision__rosidl_typesupport_fastrtps_cpp.dir/rosidl_typesupport_fastrtps_cpp/lra_vision/msg/detail/dds_fastrtps/calibration_status__type_support.cpp.o[0m
[ 40%] [32mBuilding CXX object CMakeFiles/lra_vision__rosidl_typesupport_introspection_cpp.dir/rosidl_typesupport_introspection_cpp/lra_vision/msg/detail/calibration_status__type_support.cpp.o[0m
[ 42%] [32mBuilding CXX object CMakeFiles/lra_vision__rosidl_typesupport_introspection_cpp.dir/rosidl_typesupport_introspection_cpp/lra_vision/srv/detail/calibrate_camera__type_support.cpp.o[0m
[ 46%] [32mBuilding CXX object CMakeFiles/lra_vision__rosidl_typesupport_c.dir/rosidl_typesupport_c/lra_vision/srv/calibrate_camera__type_support.cpp.o[0m
[ 46%] [32mBuilding CXX object CMakeFiles/lra_vision__rosidl_typesupport_c.dir/rosidl_typesupport_c/lra_vision/msg/calibration_status__type_support.cpp.o[0m
[ 48%] [32mBuilding C object CMakeFiles/lra_vision__rosidl_typesupport_introspection_c.dir/rosidl_typesupport_introspection_c/lra_vision/msg/detail/calibration_status__type_support.c.o[0m
[ 51%] [32m[1mLinking CXX shared library liblra_vision__rosidl_typesupport_c.so[0m
[ 53%] [32mBuilding C object CMakeFiles/lra_vision__rosidl_typesupport_introspection_c.dir/rosidl_typesupport_introspection_c/lra_vision/srv/detail/calibrate_camera__type_support.c.o[0m
[ 55%] [32m[1mLinking C shared library liblra_vision__rosidl_typesupport_introspection_c.so[0m
[ 55%] Built target lra_vision__rosidl_typesupport_c
[ 55%] Built target lra_vision__rosidl_typesupport_introspection_c
[ 57%] [32m[1mLinking CXX shared library liblra_vision__rosidl_typesupport_fastrtps_cpp.so[0m
[ 59%] [32mBuilding CXX object CMakeFiles/lra_vision__rosidl_typesupport_fastrtps_c.dir/rosidl_typesupport_fastrtps_c/lra_vision/srv/detail/calibrate_camera__type_support_c.cpp.o[0m
[ 61%] [32mBuilding CXX object CMakeFiles/lra_vision__rosidl_typesupport_fastrtps_c.dir/rosidl_typesupport_fastrtps_c/lra_vision/msg/detail/calibration_status__type_support_c.cpp.o[0m
[ 63%] [32m[1mLinking CXX shared library liblra_vision__rosidl_typesupport_cpp.so[0m
[ 63%] Built target lra_vision__rosidl_typesupport_fastrtps_cpp
[ 65%] [32m[1mLinking CXX shared library liblra_vision__rosidl_typesupport_introspection_cpp.so[0m
[ 65%] Built target lra_vision__rosidl_typesupport_cpp
[ 65%] Built target lra_vision__rosidl_typesupport_introspection_cpp
[ 68%] [32m[1mLinking CXX shared library liblra_vision__rosidl_typesupport_fastrtps_c.so[0m
[ 68%] Built target lra_vision__rosidl_typesupport_fastrtps_c
[ 68%] Built target lra_vision
[ 70%] [34m[1mGenerating Python code for ROS interfaces[0m
[ 70%] Built target lra_vision__py
[ 72%] [32mBuilding C object CMakeFiles/lra_vision__rosidl_generator_py.dir/rosidl_generator_py/lra_vision/srv/_calibrate_camera_s.c.o[0m
[ 74%] [32mBuilding C object CMakeFiles/lra_vision__rosidl_generator_py.dir/rosidl_generator_py/lra_vision/msg/_calibration_status_s.c.o[0m
[ 76%] [32m[1mLinking C shared library rosidl_generator_py/lra_vision/liblra_vision__rosidl_generator_py.so[0m
[ 76%] Built target lra_vision__rosidl_generator_py
[ 78%] [32mBuilding C object CMakeFiles/lra_vision__rosidl_typesupport_fastrtps_c__pyext.dir/rosidl_generator_py/lra_vision/_lra_vision_s.ep.rosidl_typesupport_fastrtps_c.c.o[0m
[ 80%] [32mBuilding C object CMakeFiles/lra_vision__rosidl_typesupport_c__pyext.dir/rosidl_generator_py/lra_vision/_lra_vision_s.ep.rosidl_typesupport_c.c.o[0m
[ 82%] [32mBuilding C object CMakeFiles/lra_vision__rosidl_typesupport_introspection_c__pyext.dir/rosidl_generator_py/lra_vision/_lra_vision_s.ep.rosidl_typesupport_introspection_c.c.o[0m
[ 85%] [32m[1mLinking C shared library rosidl_generator_py/lra_vision/lra_vision_s__rosidl_typesupport_fastrtps_c.cpython-310-x86_64-linux-gnu.so[0m
[ 87%] [32m[1mLinking C shared library rosidl_generator_py/lra_vision/lra_vision_s__rosidl_typesupport_c.cpython-310-x86_64-linux-gnu.so[0m
[ 89%] [32m[1mLinking C shared library rosidl_generator_py/lra_vision/lra_vision_s__rosidl_typesupport_introspection_c.cpython-310-x86_64-linux-gnu.so[0m
[ 89%] Built target lra_vision__rosidl_typesupport_fastrtps_c__pyext
[ 89%] Built target lra_vision__rosidl_typesupport_c__pyext
[ 89%] Built target lra_vision__rosidl_typesupport_introspection_c__pyext
[ 91%] [32m[1mLinking CXX shared library liblra_camera_utils.so[0m
[ 91%] Built target lra_camera_utils
[ 93%] [32mBuilding CXX object CMakeFiles/camera_calibrator_node.dir/src/nodes/camera_calibrator_node.cpp.o[0m
[ 95%] [32mBuilding CXX object CMakeFiles/aruco_detector_node.dir/src/nodes/aruco_detector_node.cpp.o[0m
[ 97%] [32m[1mLinking CXX executable camera_calibrator_node[0m
[ 97%] Built target camera_calibrator_node
[100%] [32m[1mLinking CXX executable aruco_detector_node[0m
[100%] Built target aruco_detector_node
-- Install configuration: ""
-- Installing: /root/lra_ws/install/lra_vision/share/ament_index/resource_index/rosidl_interfaces/lra_vision
-- Installing: /root/lra_ws/install/lra_vision/include/lra_vision/lra_vision
-- Installing: /root/lra_ws/install/lra_vision/include/lra_vision/lra_vision/msg
-- Installing: /root/lra_ws/install/lra_vision/include/lra_vision/lra_vision/msg/detail
-- Installing: /root/lra_ws/install/lra_vision/include/lra_vision/lra_vision/msg/detail/calibration_status__functions.h
-- Installing: /root/lra_ws/install/lra_vision/include/lra_vision/lra_vision/msg/detail/calibration_status__functions.c
-- Installing: /root/lra_ws/install/lra_vision/include/lra_vision/lra_vision/msg/detail/calibration_status__type_support.h
-- Installing: /root/lra_ws/install/lra_vision/include/lra_vision/lra_vision/msg/detail/calibration_status__struct.h
-- Installing: /root/lra_ws/install/lra_vision/include/lra_vision/lra_vision/msg/rosidl_generator_c__visibility_control.h
-- Installing: /root/lra_ws/install/lra_vision/include/lra_vision/lra_vision/msg/calibration_status.h
-- Installing: /root/lra_ws/install/lra_vision/include/lra_vision/lra_vision/srv
-- Installing: /root/lra_ws/install/lra_vision/include/lra_vision/lra_vision/srv/detail
-- Installing: /root/lra_ws/install/lra_vision/include/lra_vision/lra_vision/srv/detail/calibrate_camera__functions.c
-- Installing: /root/lra_ws/install/lra_vision/include/lra_vision/lra_vision/srv/detail/calibrate_camera__functions.h
-- Installing: /root/lra_ws/install/lra_vision/include/lra_vision/lra_vision/srv/detail/calibrate_camera__type_support.h
-- Installing: /root/lra_ws/install/lra_vision/include/lra_vision/lra_vision/srv/detail/calibrate_camera__struct.h
-- Installing: /root/lra_ws/install/lra_vision/include/lra_vision/lra_vision/srv/calibrate_camera.h
-- Installing: /root/lra_ws/install/lra_vision/share/lra_vision/environment/library_path.sh
-- Installing: /root/lra_ws/install/lra_vision/share/lra_vision/environment/library_path.dsv
-- Installing: /root/lra_ws/install/lra_vision/lib/liblra_vision__rosidl_generator_c.so
-- Set runtime path of "/root/lra_ws/install/lra_vision/lib/liblra_vision__rosidl_generator_c.so" to ""
-- Up-to-date: /root/lra_ws/install/lra_vision/include/lra_vision/lra_vision
-- Up-to-date: /root/lra_ws/install/lra_vision/include/lra_vision/lra_vision/msg
-- Up-to-date: /root/lra_ws/install/lra_vision/include/lra_vision/lra_vision/msg/detail
-- Installing: /root/lra_ws/install/lra_vision/include/lra_vision/lra_vision/msg/detail/calibration_status__rosidl_typesupport_fastrtps_c.h
-- Installing: /root/lra_ws/install/lra_vision/include/lra_vision/lra_vision/msg/rosidl_typesupport_fastrtps_c__visibility_control.h
-- Up-to-date: /root/lra_ws/install/lra_vision/include/lra_vision/lra_vision/srv
-- Up-to-date: /root/lra_ws/install/lra_vision/include/lra_vision/lra_vision/srv/detail
-- Installing: /root/lra_ws/install/lra_vision/include/lra_vision/lra_vision/srv/detail/calibrate_camera__rosidl_typesupport_fastrtps_c.h
-- Installing: /root/lra_ws/install/lra_vision/lib/liblra_vision__rosidl_typesupport_fastrtps_c.so
-- Set runtime path of "/root/lra_ws/install/lra_vision/lib/liblra_vision__rosidl_typesupport_fastrtps_c.so" to ""
-- Up-to-date: /root/lra_ws/install/lra_vision/include/lra_vision/lra_vision
-- Up-to-date: /root/lra_ws/install/lra_vision/include/lra_vision/lra_vision/msg
-- Installing: /root/lra_ws/install/lra_vision/include/lra_vision/lra_vision/msg/calibration_status.hpp
-- Up-to-date: /root/lra_ws/install/lra_vision/include/lra_vision/lra_vision/msg/detail
-- Installing: /root/lra_ws/install/lra_vision/include/lra_vision/lra_vision/msg/detail/calibration_status__builder.hpp
-- Installing: /root/lra_ws/install/lra_vision/include/lra_vision/lra_vision/msg/detail/calibration_status__struct.hpp
-- Installing: /root/lra_ws/install/lra_vision/include/lra_vision/lra_vision/msg/detail/calibration_status__type_support.hpp
-- Installing: /root/lra_ws/install/lra_vision/include/lra_vision/lra_vision/msg/detail/calibration_status__traits.hpp
-- Installing: /root/lra_ws/install/lra_vision/include/lra_vision/lra_vision/msg/rosidl_generator_cpp__visibility_control.hpp
-- Up-to-date: /root/lra_ws/install/lra_vision/include/lra_vision/lra_vision/srv
-- Up-to-date: /root/lra_ws/install/lra_vision/include/lra_vision/lra_vision/srv/detail
-- Installing: /root/lra_ws/install/lra_vision/include/lra_vision/lra_vision/srv/detail/calibrate_camera__struct.hpp
-- Installing: /root/lra_ws/install/lra_vision/include/lra_vision/lra_vision/srv/detail/calibrate_camera__type_support.hpp
-- Installing: /root/lra_ws/install/lra_vision/include/lra_vision/lra_vision/srv/detail/calibrate_camera__traits.hpp
-- Installing: /root/lra_ws/install/lra_vision/include/lra_vision/lra_vision/srv/detail/calibrate_camera__builder.hpp
-- Installing: /root/lra_ws/install/lra_vision/include/lra_vision/lra_vision/srv/calibrate_camera.hpp
-- Up-to-date: /root/lra_ws/install/lra_vision/include/lra_vision/lra_vision
-- Up-to-date: /root/lra_ws/install/lra_vision/include/lra_vision/lra_vision/msg
-- Up-to-date: /root/lra_ws/install/lra_vision/include/lra_vision/lra_vision/msg/detail
-- Installing: /root/lra_ws/install/lra_vision/include/lra_vision/lra_vision/msg/detail/calibration_status__rosidl_typesupport_fastrtps_cpp.hpp
-- Installing: /root/lra_ws/install/lra_vision/include/lra_vision/lra_vision/msg/detail/dds_fastrtps
-- Installing: /root/lra_ws/install/lra_vision/include/lra_vision/lra_vision/msg/rosidl_typesupport_fastrtps_cpp__visibility_control.h
-- Up-to-date: /root/lra_ws/install/lra_vision/include/lra_vision/lra_vision/srv
-- Up-to-date: /root/lra_ws/install/lra_vision/include/lra_vision/lra_vision/srv/detail
-- Installing: /root/lra_ws/install/lra_vision/include/lra_vision/lra_vision/srv/detail/calibrate_camera__rosidl_typesupport_fastrtps_cpp.hpp
-- Installing: /root/lra_ws/install/lra_vision/include/lra_vision/lra_vision/srv/detail/dds_fastrtps
-- Installing: /root/lra_ws/install/lra_vision/lib/liblra_vision__rosidl_typesupport_fastrtps_cpp.so
-- Set runtime path of "/root/lra_ws/install/lra_vision/lib/liblra_vision__rosidl_typesupport_fastrtps_cpp.so" to ""
-- Up-to-date: /root/lra_ws/install/lra_vision/include/lra_vision/lra_vision
-- Up-to-date: /root/lra_ws/install/lra_vision/include/lra_vision/lra_vision/msg
-- Up-to-date: /root/lra_ws/install/lra_vision/include/lra_vision/lra_vision/msg/detail
-- Installing: /root/lra_ws/install/lra_vision/include/lra_vision/lra_vision/msg/detail/calibration_status__type_support.c
-- Installing: /root/lra_ws/install/lra_vision/include/lra_vision/lra_vision/msg/detail/calibration_status__rosidl_typesupport_introspection_c.h
-- Installing: /root/lra_ws/install/lra_vision/include/lra_vision/lra_vision/msg/rosidl_typesupport_introspection_c__visibility_control.h
-- Up-to-date: /root/lra_ws/install/lra_vision/include/lra_vision/lra_vision/srv
-- Up-to-date: /root/lra_ws/install/lra_vision/include/lra_vision/lra_vision/srv/detail
-- Installing: /root/lra_ws/install/lra_vision/include/lra_vision/lra_vision/srv/detail/calibrate_camera__rosidl_typesupport_introspection_c.h
-- Installing: /root/lra_ws/install/lra_vision/include/lra_vision/lra_vision/srv/detail/calibrate_camera__type_support.c
-- Installing: /root/lra_ws/install/lra_vision/lib/liblra_vision__rosidl_typesupport_introspection_c.so
-- Set runtime path of "/root/lra_ws/install/lra_vision/lib/liblra_vision__rosidl_typesupport_introspection_c.so" to ""
-- Installing: /root/lra_ws/install/lra_vision/lib/liblra_vision__rosidl_typesupport_c.so
-- Set runtime path of "/root/lra_ws/install/lra_vision/lib/liblra_vision__rosidl_typesupport_c.so" to ""
-- Up-to-date: /root/lra_ws/install/lra_vision/include/lra_vision/lra_vision
-- Up-to-date: /root/lra_ws/install/lra_vision/include/lra_vision/lra_vision/msg
-- Up-to-date: /root/lra_ws/install/lra_vision/include/lra_vision/lra_vision/msg/detail
-- Installing: /root/lra_ws/install/lra_vision/include/lra_vision/lra_vision/msg/detail/calibration_status__rosidl_typesupport_introspection_cpp.hpp
-- Installing: /root/lra_ws/install/lra_vision/include/lra_vision/lra_vision/msg/detail/calibration_status__type_support.cpp
-- Up-to-date: /root/lra_ws/install/lra_vision/include/lra_vision/lra_vision/srv
-- Up-to-date: /root/lra_ws/install/lra_vision/include/lra_vision/lra_vision/srv/detail
-- Installing: /root/lra_ws/install/lra_vision/include/lra_vision/lra_vision/srv/detail/calibrate_camera__type_support.cpp
-- Installing: /root/lra_ws/install/lra_vision/include/lra_vision/lra_vision/srv/detail/calibrate_camera__rosidl_typesupport_introspection_cpp.hpp
-- Installing: /root/lra_ws/install/lra_vision/lib/liblra_vision__rosidl_typesupport_introspection_cpp.so
-- Set runtime path of "/root/lra_ws/install/lra_vision/lib/liblra_vision__rosidl_typesupport_introspection_cpp.so" to ""
-- Installing: /root/lra_ws/install/lra_vision/lib/liblra_vision__rosidl_typesupport_cpp.so
-- Set runtime path of "/root/lra_ws/install/lra_vision/lib/liblra_vision__rosidl_typesupport_cpp.so" to ""
-- Installing: /root/lra_ws/install/lra_vision/share/lra_vision/environment/pythonpath.sh
-- Installing: /root/lra_ws/install/lra_vision/share/lra_vision/environment/pythonpath.dsv
-- Installing: /root/lra_ws/install/lra_vision/local/lib/python3.10/dist-packages/lra_vision-1.0.0-py3.10.egg-info
-- Installing: /root/lra_ws/install/lra_vision/local/lib/python3.10/dist-packages/lra_vision-1.0.0-py3.10.egg-info/SOURCES.txt
-- Installing: /root/lra_ws/install/lra_vision/local/lib/python3.10/dist-packages/lra_vision-1.0.0-py3.10.egg-info/top_level.txt
-- Installing: /root/lra_ws/install/lra_vision/local/lib/python3.10/dist-packages/lra_vision-1.0.0-py3.10.egg-info/PKG-INFO
-- Installing: /root/lra_ws/install/lra_vision/local/lib/python3.10/dist-packages/lra_vision-1.0.0-py3.10.egg-info/dependency_links.txt
-- Installing: /root/lra_ws/install/lra_vision/local/lib/python3.10/dist-packages/lra_vision
-- Installing: /root/lra_ws/install/lra_vision/local/lib/python3.10/dist-packages/lra_vision/lra_vision_s__rosidl_typesupport_introspection_c.cpython-310-x86_64-linux-gnu.so
-- Installing: /root/lra_ws/install/lra_vision/local/lib/python3.10/dist-packages/lra_vision/msg
-- Installing: /root/lra_ws/install/lra_vision/local/lib/python3.10/dist-packages/lra_vision/msg/_calibration_status_s.c
-- Installing: /root/lra_ws/install/lra_vision/local/lib/python3.10/dist-packages/lra_vision/msg/_calibration_status.py
-- Installing: /root/lra_ws/install/lra_vision/local/lib/python3.10/dist-packages/lra_vision/msg/__init__.py
-- Installing: /root/lra_ws/install/lra_vision/local/lib/python3.10/dist-packages/lra_vision/lra_vision_s__rosidl_typesupport_c.cpython-310-x86_64-linux-gnu.so
-- Installing: /root/lra_ws/install/lra_vision/local/lib/python3.10/dist-packages/lra_vision/liblra_vision__rosidl_generator_py.so
-- Installing: /root/lra_ws/install/lra_vision/local/lib/python3.10/dist-packages/lra_vision/_lra_vision_s.ep.rosidl_typesupport_c.c
-- Installing: /root/lra_ws/install/lra_vision/local/lib/python3.10/dist-packages/lra_vision/__init__.py
-- Installing: /root/lra_ws/install/lra_vision/local/lib/python3.10/dist-packages/lra_vision/_lra_vision_s.ep.rosidl_typesupport_fastrtps_c.c
-- Installing: /root/lra_ws/install/lra_vision/local/lib/python3.10/dist-packages/lra_vision/_lra_vision_s.ep.rosidl_typesupport_introspection_c.c
-- Installing: /root/lra_ws/install/lra_vision/local/lib/python3.10/dist-packages/lra_vision/lra_vision_s__rosidl_typesupport_fastrtps_c.cpython-310-x86_64-linux-gnu.so
-- Installing: /root/lra_ws/install/lra_vision/local/lib/python3.10/dist-packages/lra_vision/srv
-- Installing: /root/lra_ws/install/lra_vision/local/lib/python3.10/dist-packages/lra_vision/srv/_calibrate_camera.py
-- Installing: /root/lra_ws/install/lra_vision/local/lib/python3.10/dist-packages/lra_vision/srv/_calibrate_camera_s.c
-- Installing: /root/lra_ws/install/lra_vision/local/lib/python3.10/dist-packages/lra_vision/srv/__init__.py
Listing '/root/lra_ws/install/lra_vision/local/lib/python3.10/dist-packages/lra_vision'...
Compiling '/root/lra_ws/install/lra_vision/local/lib/python3.10/dist-packages/lra_vision/__init__.py'...
Listing '/root/lra_ws/install/lra_vision/local/lib/python3.10/dist-packages/lra_vision/msg'...
Compiling '/root/lra_ws/install/lra_vision/local/lib/python3.10/dist-packages/lra_vision/msg/__init__.py'...
Compiling '/root/lra_ws/install/lra_vision/local/lib/python3.10/dist-packages/lra_vision/msg/_calibration_status.py'...
Listing '/root/lra_ws/install/lra_vision/local/lib/python3.10/dist-packages/lra_vision/srv'...
Compiling '/root/lra_ws/install/lra_vision/local/lib/python3.10/dist-packages/lra_vision/srv/__init__.py'...
Compiling '/root/lra_ws/install/lra_vision/local/lib/python3.10/dist-packages/lra_vision/srv/_calibrate_camera.py'...
-- Installing: /root/lra_ws/install/lra_vision/local/lib/python3.10/dist-packages/lra_vision/lra_vision_s__rosidl_typesupport_fastrtps_c.cpython-310-x86_64-linux-gnu.so
-- Set runtime path of "/root/lra_ws/install/lra_vision/local/lib/python3.10/dist-packages/lra_vision/lra_vision_s__rosidl_typesupport_fastrtps_c.cpython-310-x86_64-linux-gnu.so" to ""
-- Installing: /root/lra_ws/install/lra_vision/local/lib/python3.10/dist-packages/lra_vision/lra_vision_s__rosidl_typesupport_introspection_c.cpython-310-x86_64-linux-gnu.so
-- Set runtime path of "/root/lra_ws/install/lra_vision/local/lib/python3.10/dist-packages/lra_vision/lra_vision_s__rosidl_typesupport_introspection_c.cpython-310-x86_64-linux-gnu.so" to ""
-- Installing: /root/lra_ws/install/lra_vision/local/lib/python3.10/dist-packages/lra_vision/lra_vision_s__rosidl_typesupport_c.cpython-310-x86_64-linux-gnu.so
-- Set runtime path of "/root/lra_ws/install/lra_vision/local/lib/python3.10/dist-packages/lra_vision/lra_vision_s__rosidl_typesupport_c.cpython-310-x86_64-linux-gnu.so" to ""
-- Installing: /root/lra_ws/install/lra_vision/lib/liblra_vision__rosidl_generator_py.so
-- Set runtime path of "/root/lra_ws/install/lra_vision/lib/liblra_vision__rosidl_generator_py.so" to ""
-- Installing: /root/lra_ws/install/lra_vision/share/ament_index/resource_index/rust_packages/lra_vision
-- Installing: /root/lra_ws/install/lra_vision/share/lra_vision/rust
-- Installing: /root/lra_ws/install/lra_vision/share/lra_vision/rust/Cargo.toml
-- Installing: /root/lra_ws/install/lra_vision/share/lra_vision/rust/build.rs
-- Installing: /root/lra_ws/install/lra_vision/share/lra_vision/rust/src
-- Installing: /root/lra_ws/install/lra_vision/share/lra_vision/rust/src/lib.rs
-- Installing: /root/lra_ws/install/lra_vision/share/lra_vision/rust/src/msg
-- Installing: /root/lra_ws/install/lra_vision/share/lra_vision/rust/src/msg/rmw.rs
-- Installing: /root/lra_ws/install/lra_vision/share/lra_vision/rust/src/srv.rs
-- Installing: /root/lra_ws/install/lra_vision/share/lra_vision/rust/src/msg.rs
-- Installing: /root/lra_ws/install/lra_vision/share/lra_vision/rust/src/srv
-- Installing: /root/lra_ws/install/lra_vision/share/lra_vision/rust/src/srv/rmw.rs
-- Installing: /root/lra_ws/install/lra_vision/share/lra_vision/msg/CalibrationStatus.idl
-- Installing: /root/lra_ws/install/lra_vision/share/lra_vision/srv/CalibrateCamera.idl
-- Installing: /root/lra_ws/install/lra_vision/share/lra_vision/msg/CalibrationStatus.msg
-- Installing: /root/lra_ws/install/lra_vision/share/lra_vision/srv/CalibrateCamera.srv
-- Installing: /root/lra_ws/install/lra_vision/share/lra_vision/srv/CalibrateCamera_Request.msg
-- Installing: /root/lra_ws/install/lra_vision/share/lra_vision/srv/CalibrateCamera_Response.msg
-- Installing: /root/lra_ws/install/lra_vision/lib/liblra_camera_utils.so
-- Set runtime path of "/root/lra_ws/install/lra_vision/lib/liblra_camera_utils.so" to ""
-- Installing: /root/lra_ws/install/lra_vision/lib/lra_vision/camera_calibrator_node
-- Set runtime path of "/root/lra_ws/install/lra_vision/lib/lra_vision/camera_calibrator_node" to ""
-- Installing: /root/lra_ws/install/lra_vision/lib/lra_vision/aruco_detector_node
-- Set runtime path of "/root/lra_ws/install/lra_vision/lib/lra_vision/aruco_detector_node" to ""
-- Up-to-date: /root/lra_ws/install/lra_vision/include
-- Up-to-date: /root/lra_ws/install/lra_vision/include/lra_vision
-- Installing: /root/lra_ws/install/lra_vision/include/lra_vision/camera_calibration.hpp
-- Installing: /root/lra_ws/install/lra_vision/include/lra_vision/aruco_detector.hpp
-- Installing: /root/lra_ws/install/lra_vision/share/lra_vision/launch
-- Installing: /root/lra_ws/install/lra_vision/share/lra_vision/launch/camera_calibration.launch.py
-- Installing: /root/lra_ws/install/lra_vision/share/lra_vision/launch/camera_manager.launch.py
-- Installing: /root/lra_ws/install/lra_vision/share/lra_vision/launch/upload_urdf.launch.py
-- Installing: /root/lra_ws/install/lra_vision/share/lra_vision/launch/aruco_detector.launch.py
-- Installing: /root/lra_ws/install/lra_vision/share/lra_vision/config
-- Installing: /root/lra_ws/install/lra_vision/share/lra_vision/config/camera_params.yaml
-- Installing: /root/lra_ws/install/lra_vision/share/lra_vision/config/aruco_params.yaml
-- Installing: /root/lra_ws/install/lra_vision/share/lra_vision/config/calibration.yaml
-- Installing: /root/lra_ws/install/lra_vision/share/lra_vision/urdf
-- Installing: /root/lra_ws/install/lra_vision/share/lra_vision/urdf/camera.xacro
-- Installing: /root/lra_ws/install/lra_vision/share/lra_vision/rviz
-- Installing: /root/lra_ws/install/lra_vision/share/lra_vision/rviz/camera_view.rviz
-- Installing: /root/lra_ws/install/lra_vision/share/lra_vision/package.xml
-- Installing: /root/lra_ws/install/lra_vision/share/ament_index/resource_index/package_run_dependencies/lra_vision
-- Installing: /root/lra_ws/install/lra_vision/share/ament_index/resource_index/parent_prefix_path/lra_vision
-- Installing: /root/lra_ws/install/lra_vision/share/lra_vision/environment/ament_prefix_path.sh
-- Installing: /root/lra_ws/install/lra_vision/share/lra_vision/environment/ament_prefix_path.dsv
-- Installing: /root/lra_ws/install/lra_vision/share/lra_vision/environment/path.sh
-- Installing: /root/lra_ws/install/lra_vision/share/lra_vision/environment/path.dsv
-- Installing: /root/lra_ws/install/lra_vision/share/lra_vision/local_setup.bash
-- Installing: /root/lra_ws/install/lra_vision/share/lra_vision/local_setup.sh
-- Installing: /root/lra_ws/install/lra_vision/share/lra_vision/local_setup.zsh
-- Installing: /root/lra_ws/install/lra_vision/share/lra_vision/local_setup.dsv
-- Installing: /root/lra_ws/install/lra_vision/share/lra_vision/package.dsv
-- Installing: /root/lra_ws/install/lra_vision/share/ament_index/resource_index/packages/lra_vision
-- Installing: /root/lra_ws/install/lra_vision/share/lra_vision/cmake/export_lra_vision__rosidl_generator_cExport.cmake
-- Installing: /root/lra_ws/install/lra_vision/share/lra_vision/cmake/export_lra_vision__rosidl_generator_cExport-noconfig.cmake
-- Installing: /root/lra_ws/install/lra_vision/share/lra_vision/cmake/export_lra_vision__rosidl_typesupport_fastrtps_cExport.cmake
-- Installing: /root/lra_ws/install/lra_vision/share/lra_vision/cmake/export_lra_vision__rosidl_typesupport_fastrtps_cExport-noconfig.cmake
-- Installing: /root/lra_ws/install/lra_vision/share/lra_vision/cmake/export_lra_vision__rosidl_generator_cppExport.cmake
-- Installing: /root/lra_ws/install/lra_vision/share/lra_vision/cmake/export_lra_vision__rosidl_typesupport_fastrtps_cppExport.cmake
-- Installing: /root/lra_ws/install/lra_vision/share/lra_vision/cmake/export_lra_vision__rosidl_typesupport_fastrtps_cppExport-noconfig.cmake
-- Installing: /root/lra_ws/install/lra_vision/share/lra_vision/cmake/lra_vision__rosidl_typesupport_introspection_cExport.cmake
-- Installing: /root/lra_ws/install/lra_vision/share/lra_vision/cmake/lra_vision__rosidl_typesupport_introspection_cExport-noconfig.cmake
-- Installing: /root/lra_ws/install/lra_vision/share/lra_vision/cmake/lra_vision__rosidl_typesupport_cExport.cmake
-- Installing: /root/lra_ws/install/lra_vision/share/lra_vision/cmake/lra_vision__rosidl_typesupport_cExport-noconfig.cmake
-- Installing: /root/lra_ws/install/lra_vision/share/lra_vision/cmake/lra_vision__rosidl_typesupport_introspection_cppExport.cmake
-- Installing: /root/lra_ws/install/lra_vision/share/lra_vision/cmake/lra_vision__rosidl_typesupport_introspection_cppExport-noconfig.cmake
-- Installing: /root/lra_ws/install/lra_vision/share/lra_vision/cmake/lra_vision__rosidl_typesupport_cppExport.cmake
-- Installing: /root/lra_ws/install/lra_vision/share/lra_vision/cmake/lra_vision__rosidl_typesupport_cppExport-noconfig.cmake
-- Installing: /root/lra_ws/install/lra_vision/share/lra_vision/cmake/export_lra_vision__rosidl_generator_pyExport.cmake
-- Installing: /root/lra_ws/install/lra_vision/share/lra_vision/cmake/export_lra_vision__rosidl_generator_pyExport-noconfig.cmake
-- Installing: /root/lra_ws/install/lra_vision/share/lra_vision/cmake/rosidl_cmake-extras.cmake
-- Installing: /root/lra_ws/install/lra_vision/share/lra_vision/cmake/ament_cmake_export_dependencies-extras.cmake
-- Installing: /root/lra_ws/install/lra_vision/share/lra_vision/cmake/ament_cmake_export_include_directories-extras.cmake
-- Installing: /root/lra_ws/install/lra_vision/share/lra_vision/cmake/ament_cmake_export_libraries-extras.cmake
-- Installing: /root/lra_ws/install/lra_vision/share/lra_vision/cmake/ament_cmake_export_targets-extras.cmake
-- Installing: /root/lra_ws/install/lra_vision/share/lra_vision/cmake/rosidl_cmake_export_typesupport_targets-extras.cmake
-- Installing: /root/lra_ws/install/lra_vision/share/lra_vision/cmake/rosidl_cmake_export_typesupport_libraries-extras.cmake
-- Installing: /root/lra_ws/install/lra_vision/share/lra_vision/cmake/lra_visionConfig.cmake
-- Installing: /root/lra_ws/install/lra_vision/share/lra_vision/cmake/lra_visionConfig-version.cmake
-- Up-to-date: /root/lra_ws/install/lra_vision/share/lra_vision/package.xml
